TN:
SF:E:\teste-angular-helpper\prova-angular-24-07-20\src\polyfills.ts
FNF:0
FNH:0
LF:0
LH:0
BRF:0
BRH:0
end_of_record
TN:
SF:E:\teste-angular-helpper\prova-angular-24-07-20\src\test.ts
FNF:0
FNH:0
DA:13,1
DA:18,1
DA:20,1
LF:3
LH:3
BRF:0
BRH:0
end_of_record
TN:
SF:E:\teste-angular-helpper\prova-angular-24-07-20\src\app\app.component.ts
FN:94,(anonymous_0)
FN:12,(anonymous_1)
FN:32,(anonymous_2)
FN:36,(anonymous_3)
FN:40,(anonymous_4)
FN:45,(anonymous_5)
FN:49,(anonymous_6)
FN:61,(anonymous_7)
FN:64,(anonymous_8)
FN:68,(anonymous_9)
FN:72,(anonymous_10)
FN:74,(anonymous_11)
FN:89,(anonymous_12)
FN:97,populateTable
FN:144,get
FN:148,save
FN:150,(anonymous_17)
FN:156,remove
FN:159,(anonymous_19)
FNF:19
FNH:3
FNDA:3,(anonymous_0)
FNDA:0,(anonymous_1)
FNDA:0,(anonymous_2)
FNDA:0,(anonymous_3)
FNDA:0,(anonymous_4)
FNDA:0,(anonymous_5)
FNDA:0,(anonymous_6)
FNDA:0,(anonymous_7)
FNDA:0,(anonymous_8)
FNDA:0,(anonymous_9)
FNDA:0,(anonymous_10)
FNDA:0,(anonymous_11)
FNDA:1,(anonymous_12)
FNDA:0,populateTable
FNDA:3,get
FNDA:0,save
FNDA:0,(anonymous_17)
FNDA:0,remove
FNDA:0,(anonymous_19)
DA:9,1
DA:10,3
DA:13,0
DA:16,3
DA:28,3
DA:33,0
DA:37,0
DA:41,0
DA:42,0
DA:46,0
DA:47,0
DA:48,0
DA:49,0
DA:50,0
DA:51,0
DA:53,0
DA:62,0
DA:63,0
DA:64,0
DA:69,0
DA:73,0
DA:74,0
DA:75,0
DA:76,0
DA:80,0
DA:81,0
DA:83,0
DA:84,0
DA:85,0
DA:90,1
DA:91,1
DA:94,3
DA:98,0
DA:141,0
DA:145,3
DA:149,0
DA:150,0
DA:151,0
DA:152,0
DA:153,0
DA:157,0
DA:158,0
DA:159,0
DA:160,0
DA:161,0
LF:45
LH:8
BRDA:47,0,0,0
BRDA:47,0,1,0
BRDA:50,1,0,0
BRDA:50,1,1,0
BRDA:75,2,0,0
BRDA:75,2,1,0
BRDA:75,3,0,0
BRDA:75,3,1,0
BRDA:80,4,0,0
BRDA:80,4,1,0
BRDA:90,5,0,0
BRDA:90,5,1,1
BRDA:90,6,0,1
BRDA:90,6,1,1
BRDA:151,7,0,0
BRDA:151,7,1,0
BRF:16
BRH:3
end_of_record
TN:
SF:E:\teste-angular-helpper\prova-angular-24-07-20\src\app\cep.service.ts
FN:9,(anonymous_0)
FN:11,(anonymous_1)
FNF:2
FNH:1
FNDA:3,(anonymous_0)
FNDA:0,(anonymous_1)
DA:7,1
DA:9,3
DA:12,0
LF:3
LH:2
BRF:0
BRH:0
end_of_record
